"file:/usr/local/lib/python3.10/idlelib/help.html":979.5-979.42: error: Duplicate ID "cpython-language-and-version".
"file:/github/workspace/yandex_b229053f47e9b4b5.html":0.1-0.6: error: Start tag seen without seeing a doctype first. Expected "<!DOCTYPE html>".
"file:/github/workspace/yandex_b229053f47e9b4b5.html":3.5-3.11: error: Element "head" is missing a required instance of child element "title".
"file:/github/workspace/google022983bf0cf659ae.html":0.1-0.52: error: Non-space characters found without seeing a doctype first. Expected "<!DOCTYPE html>".
"file:/github/workspace/google022983bf0cf659ae.html":0.1-0.52: error: Element "head" is missing a required instance of child element "title".
"file:/github/workspace/pinterest-326fc.html":0.294-0.301: error: Element "title" must not be empty.
"file:/github/workspace/pinterest-326fc.html":0.458-0.571: error: Attribute "background" not allowed on element "table" at this point.
"file:/github/workspace/pinterest-326fc.html":0.458-0.571: error: The "cellspacing" attribute on the "table" element is obsolete. Use CSS instead.
"file:/github/workspace/pinterest-326fc.html":0.458-0.571: error: The "cellpadding" attribute on the "table" element is obsolete. Use CSS instead.
"file:/github/workspace/pinterest-326fc.html":0.458-0.571: error: The "width" attribute on the "table" element is obsolete. Use CSS instead.
"file:/github/workspace/pinterest-326fc.html":0.458-0.571: error: The "border" attribute on the "table" element is obsolete. Use CSS instead.
"file:/github/workspace/pinterest-326fc.html":0.624-0.713: error: The "cellspacing" attribute on the "table" element is obsolete. Use CSS instead.
"file:/github/workspace/pinterest-326fc.html":0.624-0.713: error: The "cellpadding" attribute on the "table" element is obsolete. Use CSS instead.
"file:/github/workspace/pinterest-326fc.html":0.624-0.713: error: The "align" attribute on the "table" element is obsolete. Use CSS instead.
"file:/github/workspace/pinterest-326fc.html":0.624-0.713: error: The "width" attribute on the "table" element is obsolete. Use CSS instead.
"file:/github/workspace/pinterest-326fc.html":0.624-0.713: error: The "border" attribute on the "table" element is obsolete. Use CSS instead.
"file:/github/workspace/pinterest-326fc.html":0.718-0.774: error: The "align" attribute on the "td" element is obsolete. Use CSS instead.
"file:/github/workspace/pinterest-326fc.html":0.1040-0.1139: error: Attribute "background" not allowed on element "td" at this point.
"file:/github/workspace/pinterest-326fc.html":0.1040-0.1139: error: The "align" attribute on the "td" element is obsolete. Use CSS instead.
"file:/github/workspace/pinterest-326fc.html":0.1140-0.1204: error: The "cellspacing" attribute on the "table" element is obsolete. Use CSS instead.
"file:/github/workspace/pinterest-326fc.html":0.1140-0.1204: error: The "cellpadding" attribute on the "table" element is obsolete. Use CSS instead.
"file:/github/workspace/pinterest-326fc.html":0.1140-0.1204: error: The "align" attribute on the "table" element is obsolete. Use CSS instead.
"file:/github/workspace/pinterest-326fc.html":0.1140-0.1204: error: The "border" attribute on the "table" element is obsolete. Use CSS instead.
"file:/github/workspace/pinterest-326fc.html":0.1209-0.1296: error: Attribute "background" not allowed on element "td" at this point.
"file:/github/workspace/pinterest-326fc.html":0.1572-0.1621: error: The "cellspacing" attribute on the "table" element is obsolete. Use CSS instead.
"file:/github/workspace/pinterest-326fc.html":0.1572-0.1621: error: The "cellpadding" attribute on the "table" element is obsolete. Use CSS instead.
"file:/github/workspace/pinterest-326fc.html":0.1572-0.1621: error: The "border" attribute on the "table" element is obsolete. Use CSS instead.
"file:/github/workspace/pinterest-326fc.html":0.1626-0.1672: error: The "width" attribute on the "td" element is obsolete. Use CSS instead.
"file:/github/workspace/pinterest-326fc.html":0.1856-0.1905: error: The "cellspacing" attribute on the "table" element is obsolete. Use CSS instead.
"file:/github/workspace/pinterest-326fc.html":0.1856-0.1905: error: The "cellpadding" attribute on the "table" element is obsolete. Use CSS instead.
"file:/github/workspace/pinterest-326fc.html":0.1856-0.1905: error: The "border" attribute on the "table" element is obsolete. Use CSS instead.
"file:/github/workspace/pinterest-326fc.html":0.1914-0.2001: error: The "cellspacing" attribute on the "table" element is obsolete. Use CSS instead.
"file:/github/workspace/pinterest-326fc.html":0.1914-0.2001: error: The "cellpadding" attribute on the "table" element is obsolete. Use CSS instead.
"file:/github/workspace/pinterest-326fc.html":0.1914-0.2001: error: The "width" attribute on the "table" element is obsolete. Use CSS instead.
"file:/github/workspace/pinterest-326fc.html":0.1914-0.2001: error: The "border" attribute on the "table" element is obsolete. Use CSS instead.
"file:/github/workspace/pinterest-326fc.html":0.2006-0.2055: error: The "width" attribute on the "td" element is obsolete. Use CSS instead.
"file:/github/workspace/pinterest-326fc.html":0.2006-0.2055: error: The "valign" attribute on the "td" element is obsolete. Use CSS instead.
"file:/github/workspace/pinterest-326fc.html":0.2335-0.2371: error: The "width" attribute on the "td" element is obsolete. Use CSS instead.
"file:/github/workspace/pinterest-326fc.html":0.2650-0.2719: error: The "width" attribute on the "td" element is obsolete. Use CSS instead.
"file:/github/workspace/pinterest-326fc.html":0.2650-0.2719: error: The "align" attribute on the "td" element is obsolete. Use CSS instead.
"file:/github/workspace/pinterest-326fc.html":0.2720-0.2784: error: The "cellspacing" attribute on the "table" element is obsolete. Use CSS instead.
"file:/github/workspace/pinterest-326fc.html":0.2720-0.2784: error: The "cellpadding" attribute on the "table" element is obsolete. Use CSS instead.
"file:/github/workspace/pinterest-326fc.html":0.2720-0.2784: error: The "border" attribute on the "table" element is obsolete. Use CSS instead.
"file:/github/workspace/pinterest-326fc.html":0.2789-0.3187: error: Attribute "background" not allowed on element "td" at this point.
"file:/github/workspace/pinterest-326fc.html":0.2789-0.3187: error: The "height" attribute on the "td" element is obsolete. Use CSS instead.
"file:/github/workspace/pinterest-326fc.html":0.2789-0.3187: error: The "align" attribute on the "td" element is obsolete. Use CSS instead.
"file:/github/workspace/pinterest-326fc.html":0.3415-0.3461: error: The "width" attribute on the "td" element is obsolete. Use CSS instead.
"file:/github/workspace/pinterest-326fc.html":0.3476-0.3522: error: The "width" attribute on the "td" element is obsolete. Use CSS instead.
"file:/github/workspace/pinterest-326fc.html":0.3528-0.3575: error: The "height" attribute on the "td" element is obsolete. Use CSS instead.
"file:/github/workspace/pinterest-326fc.html":0.3581-0.3627: error: The "width" attribute on the "td" element is obsolete. Use CSS instead.
"file:/github/workspace/pinterest-326fc.html":0.3642-0.3655: error: The "width" attribute on the "td" element is obsolete. Use CSS instead.
"file:/github/workspace/pinterest-326fc.html":0.3661-0.3708: error: The "height" attribute on the "td" element is obsolete. Use CSS instead.
"file:/github/workspace/pinterest-326fc.html":0.3714-0.3727: error: The "width" attribute on the "td" element is obsolete. Use CSS instead.
"file:/github/workspace/pinterest-326fc.html":0.3760-0.3806: error: The "align" attribute on the "td" element is obsolete. Use CSS instead.
"file:/github/workspace/pinterest-326fc.html":0.3984-0.4107: error: Attribute "background" not allowed on element "td" at this point.
"file:/github/workspace/pinterest-326fc.html":0.3984-0.4107: error: The "height" attribute on the "td" element is obsolete. Use CSS instead.
"file:/github/workspace/pinterest-326fc.html":0.3984-0.4107: error: The "width" attribute on the "td" element is obsolete. Use CSS instead.
"file:/github/workspace/pinterest-326fc.html":0.3984-0.4107: error: The "align" attribute on the "td" element is obsolete. Use CSS instead.
"file:/github/workspace/pinterest-326fc.html":0.4122-0.4168: error: The "align" attribute on the "td" element is obsolete. Use CSS instead.
"file:/github/workspace/pinterest-326fc.html":0.4183-0.4201: error: The "align" attribute on the "td" element is obsolete. Use CSS instead.
"file:/github/workspace/pinterest-326fc.html":0.4426-0.4464: error: The "font" element is obsolete. Use CSS instead.
"file:/github/workspace/pinterest-326fc.html":0.4652-0.4690: error: The "font" element is obsolete. Use CSS instead.
"file:/github/workspace/webviumdev/index.html":458.87-458.102: error: Duplicate ID "upda".
"file:/github/workspace/css/searchdev.css":2.30-2.30: error: CSS: "backdrop-filter": Property "backdrop-filter" doesn't exist.
"file:/github/workspace/css/search.css":2.30-2.30: error: CSS: "backdrop-filter": Property "backdrop-filter" doesn't exist.
"file:/github/workspace/css/mrepol742.css":204.22-204.25: error: CSS: "scrollbar-width": Property "scrollbar-width" doesn't exist.
"file:/github/workspace/programming-stats/index.html":106.17-106.108: error: Element "img" not allowed as child of element "ul" in this context. (Suppressing further errors from this subtree.)
"file:/github/workspace/programming-stats/index.html":116.171-116.171: error: Element "img" not allowed as child of element "ul" in this context. (Suppressing further errors from this subtree.)
"file:/github/workspace/programming-stats/index.html":129.17-129.137: error: Element "img" not allowed as child of element "ul" in this context. (Suppressing further errors from this subtree.)
"file:/github/workspace/programming-stats/index.html":139.205-139.205: error: Element "img" not allowed as child of element "ul" in this context. (Suppressing further errors from this subtree.)
"file:/github/workspace/programming-stats/index.html":152.21-152.135: error: Element "img" not allowed as child of element "ul" in this context. (Suppressing further errors from this subtree.)
"file:/github/workspace/programming-stats/index.html":162.17-162.160: error: Element "img" not allowed as child of element "ul" in this context. (Suppressing further errors from this subtree.)
"file:/github/workspace/programming-stats/index.html":174.17-174.202: error: Element "img" not allowed as child of element "ul" in this context. (Suppressing further errors from this subtree.)
"file:/github/workspace/programming-stats/index.html":185.17-185.225: error: Element "img" not allowed as child of element "ul" in this context. (Suppressing further errors from this subtree.)
"file:/github/workspace/webviumvpn/index.html":371.85-371.100: error: Duplicate ID "upda".
"file:/github/workspace/qrcode/index.html":109.13-109.99: error: Bad value "" for attribute "src" on element "img": Must be non-empty.
"file:/github/workspace/qrcode/index.html":116.5-116.14: error: Stray end tag "article".
"file:/github/workspace/news/index.html":388.9-388.31: error: Element "style" not allowed as child of element "noscript" in this context. (Suppressing further errors from this subtree.)
"file:/github/workspace/viewip/index.html":222.9-222.119: error: Start tag "a" seen but an element of the same type was already open.
"file:/github/workspace/webvium/index.html":455.85-455.100: error: Duplicate ID "upda".
"file:/github/workspace/webvium/api/hash/index.html":119.15-119.18: error: No "p" element in scope but a "p" end tag seen.
"file:/github/workspace/webvium/api/hash/index.html":138.15-138.18: error: No "p" element in scope but a "p" end tag seen.
"file:/github/workspace/webvium/api/hash/index.html":155.15-155.18: error: No "p" element in scope but a "p" end tag seen.
"file:/github/workspace/webvium/api/hash/index.html":172.15-172.18: error: No "p" element in scope but a "p" end tag seen.
"file:/github/workspace/flowers/index.html":1.17-2.6: error: Stray start tag "html".
"file:/github/workspace/lib/console.css":39.43-39.43: error: CSS: "animation": Parse Error.
"file:/github/workspace/lib/console.css":0.0-0.0: error: CSS: The value "break-word" is deprecated
"file:/github/workspace/lib/console.css":277.2-278.1: error: CSS: Parse Error.
